 [WARNING]: Unable to parse /etc/ansible/hosts as an inventory source
 [WARNING]: No inventory was parsed, only implicit localhost is available
 [WARNING]: provided hosts list is empty, only localhost is available. Note
that the implicit localhost does not match 'all'

PLAY [localhost] ***************************************************************

TASK [Loading variables for cdvr vpc creataion] ********************************
ok: [localhost]

TASK [Create a VPC] ************************************************************
changed: [localhost]

TASK [Timeout for VPC creation] ************************************************
ok: [localhost -> localhost]

TASK [debug] *******************************************************************
ok: [localhost] => {
    "msg": "vpc-f252478b"
}

TASK [Setting VPCID variable] **************************************************
ok: [localhost]

TASK [Update VPC NAME in yaml file] ********************************************
changed: [localhost]

TASK [Reloading variables for subnet creation] *********************************
ok: [localhost]

TASK [Create subnets for us-west-2a] *******************************************
changed: [localhost] => (item={u'sub': {u'sub_cidr': u'10.16.0.0/24', u'sub_name': u'cdvr3-zone-a-public-0'}})

TASK [Timeout between subnet creation] *****************************************
ok: [localhost -> localhost]

TASK [Create subnets for us-west-2b] *******************************************
changed: [localhost] => (item={u'sub': {u'sub_cidr': u'10.16.1.0/24', u'sub_name': u'cdvr3-zone-b-public-1'}})

TASK [Timeout between subnet creation] *****************************************
ok: [localhost -> localhost]

TASK [Create subnets for us-west-2c] *******************************************
changed: [localhost] => (item={u'sub': {u'sub_cidr': u'10.16.2.0/24', u'sub_name': u'cdvr3-zone-c-public-2'}})

TASK [Timeout between subnet creation] *****************************************
ok: [localhost -> localhost]

TASK [Setting up internet gateway] *********************************************
changed: [localhost]

TASK [Timeout between IGW creation] ********************************************
ok: [localhost -> localhost]

TASK [debug] *******************************************************************
ok: [localhost] => {
    "msg": "igw-85b4fee3"
}

TASK [Setting gateway_id variable] *********************************************
ok: [localhost]

TASK [Set the name tag of the Internet Gateway] ********************************
changed: [localhost]

TASK [Update Gateway ID in yaml file] ******************************************
changed: [localhost]

TASK [Create subnets for us-west-2a] *******************************************
changed: [localhost] => (item={u'sub': {u'sub_cidr': u'10.16.3.0/24', u'sub_name': u'cdvr3-zone-a-private-3'}})

TASK [Timeout between subnet creation] *****************************************
ok: [localhost -> localhost]

TASK [Create subnets for us-west-2b] *******************************************
changed: [localhost] => (item={u'sub': {u'sub_cidr': u'10.16.4.0/24', u'sub_name': u'cdvr3-zone-b-private-4'}})

TASK [Timeout between subnet creation] *****************************************
ok: [localhost -> localhost]

TASK [Create subnets for us-west-2c] *******************************************
changed: [localhost] => (item={u'sub': {u'sub_cidr': u'10.16.5.0/24', u'sub_name': u'cdvr3-zone-c-private-5'}})

TASK [Timeout between subnet creation] *****************************************
ok: [localhost -> localhost]

TASK [debug] *******************************************************************
ok: [localhost] => {
    "msg": {
        "changed": true, 
        "msg": "All items completed", 
        "results": [
            {
                "_ansible_ignore_errors": null, 
                "_ansible_item_result": true, 
                "_ansible_no_log": false, 
                "_ansible_parsed": true, 
                "changed": true, 
                "failed": false, 
                "invocation": {
                    "module_args": {
                        "assign_instances_ipv6": false, 
                        "aws_access_key": null, 
                        "aws_secret_key": null, 
                        "az": "us-west-2a", 
                        "cidr": "10.16.0.0/24", 
                        "ec2_url": null, 
                        "ipv6_cidr": "", 
                        "map_public": false, 
                        "profile": null, 
                        "purge_tags": true, 
                        "region": "us-west-2", 
                        "resource_tags": {
                            "Name": "cdvr3-zone-a-public-0", 
                            "VPCname": "test3-vpc"
                        }, 
                        "security_token": null, 
                        "state": "present", 
                        "tags": {
                            "Name": "cdvr3-zone-a-public-0", 
                            "VPCname": "test3-vpc"
                        }, 
                        "validate_certs": true, 
                        "vpc_id": "vpc-f252478b", 
                        "wait": true, 
                        "wait_timeout": 300
                    }
                }, 
                "item": {
                    "sub": {
                        "sub_cidr": "10.16.0.0/24", 
                        "sub_name": "cdvr3-zone-a-public-0"
                    }
                }, 
                "subnet": {
                    "assign_ipv6_address_on_creation": false, 
                    "availability_zone": "us-west-2a", 
                    "available_ip_address_count": 251, 
                    "cidr_block": "10.16.0.0/24", 
                    "default_for_az": false, 
                    "id": "subnet-c835bc83", 
                    "ipv6_association_id": "", 
                    "ipv6_cidr_block": "", 
                    "ipv6_cidr_block_association_set": [], 
                    "map_public_ip_on_launch": false, 
                    "state": "available", 
                    "tags": {
                        "Name": "cdvr3-zone-a-public-0", 
                        "VPCname": "test3-vpc"
                    }, 
                    "vpc_id": "vpc-f252478b"
                }
            }
        ]
    }
}

TASK [Create DMZ subnet list] **************************************************
ok: [localhost]

TASK [Get Private Subnets] *****************************************************
ok: [localhost]

TASK [Create Public Subnets list] **********************************************
ok: [localhost]

TASK [Get Public Subnets] ******************************************************
ok: [localhost]

TASK [Create a new NAT Gateway] ************************************************
changed: [localhost] => (item=subnet-c835bc83)

TASK [Timeout between NAT creation] ********************************************
ok: [localhost -> localhost]

TASK [Set the name tag of the NAT Gateway] *************************************
changed: [localhost] => (item={'_ansible_parsed': True, u'changed': True, u'nat_gateway_id': u'nat-01396ee9d659c474d', '_ansible_no_log': False, u'success': True, 'item': u'subnet-c835bc83', u'subnet_id': u'subnet-c835bc83', u'nat_gateway_addresses': [{u'public_ip': u'35.155.209.193', u'network_interface_id': u'eni-38a550c4', u'private_ip': u'10.16.0.18', u'allocation_id': u'eipalloc-2b6c2f17'}], '_ansible_item_result': True, 'failed': False, u'state': u'available', u'create_time': u'2018-06-13T22:02:19+00:00', u'invocation': {u'module_args': {u'profile': None, u'aws_secret_key': None, u'aws_access_key': None, u'client_token': None, u'nat_gateway_id': None, u'security_token': None, u'allocation_id': None, u'eip_address': None, u'region': u'us-west-2', u'if_exist_do_not_create': True, u'subnet_id': u'subnet-c835bc83', u'state': u'present', u'wait_timeout': 320, u'ec2_url': None, u'release_eip': False, u'validate_certs': True, u'wait': True}}, u'vpc_id': u'vpc-f252478b', '_ansible_ignore_errors': None, u'msg': u'NAT gateway nat-01396ee9d659c474d created'})

TASK [debug] *******************************************************************
ok: [localhost] => {
    "msg": {
        "changed": true, 
        "msg": "All items completed", 
        "results": [
            {
                "_ansible_ignore_errors": null, 
                "_ansible_item_result": true, 
                "_ansible_no_log": false, 
                "_ansible_parsed": true, 
                "changed": true, 
                "create_time": "2018-06-13T22:02:19+00:00", 
                "failed": false, 
                "invocation": {
                    "module_args": {
                        "allocation_id": null, 
                        "aws_access_key": null, 
                        "aws_secret_key": null, 
                        "client_token": null, 
                        "ec2_url": null, 
                        "eip_address": null, 
                        "if_exist_do_not_create": true, 
                        "nat_gateway_id": null, 
                        "profile": null, 
                        "region": "us-west-2", 
                        "release_eip": false, 
                        "security_token": null, 
                        "state": "present", 
                        "subnet_id": "subnet-c835bc83", 
                        "validate_certs": true, 
                        "wait": true, 
                        "wait_timeout": 320
                    }
                }, 
                "item": "subnet-c835bc83", 
                "msg": "NAT gateway nat-01396ee9d659c474d created", 
                "nat_gateway_addresses": [
                    {
                        "allocation_id": "eipalloc-2b6c2f17", 
                        "network_interface_id": "eni-38a550c4", 
                        "private_ip": "10.16.0.18", 
                        "public_ip": "35.155.209.193"
                    }
                ], 
                "nat_gateway_id": "nat-01396ee9d659c474d", 
                "state": "available", 
                "subnet_id": "subnet-c835bc83", 
                "success": true, 
                "vpc_id": "vpc-f252478b"
            }
        ]
    }
}

TASK [Setting nat_gateway_id variable] *****************************************
ok: [localhost] => (item={'_ansible_parsed': True, u'changed': True, u'nat_gateway_id': u'nat-01396ee9d659c474d', '_ansible_no_log': False, u'success': True, 'item': u'subnet-c835bc83', u'subnet_id': u'subnet-c835bc83', u'nat_gateway_addresses': [{u'public_ip': u'35.155.209.193', u'network_interface_id': u'eni-38a550c4', u'private_ip': u'10.16.0.18', u'allocation_id': u'eipalloc-2b6c2f17'}], '_ansible_item_result': True, 'failed': False, u'state': u'available', u'create_time': u'2018-06-13T22:02:19+00:00', u'invocation': {u'module_args': {u'profile': None, u'aws_secret_key': None, u'aws_access_key': None, u'client_token': None, u'nat_gateway_id': None, u'security_token': None, u'allocation_id': None, u'eip_address': None, u'region': u'us-west-2', u'if_exist_do_not_create': True, u'subnet_id': u'subnet-c835bc83', u'state': u'present', u'wait_timeout': 320, u'ec2_url': None, u'release_eip': False, u'validate_certs': True, u'wait': True}}, u'vpc_id': u'vpc-f252478b', '_ansible_ignore_errors': None, u'msg': u'NAT gateway nat-01396ee9d659c474d created'})

TASK [Update Gateway ID in yaml file] ******************************************
changed: [localhost]

TASK [Update cdvr-zone-a-public-0 yaml file] ***********************************
changed: [localhost]

TASK [Update cdvr-zone-a-public-1 yaml file] ***********************************
changed: [localhost]

TASK [Update cdvr-zone-a-public-2 yaml file] ***********************************
changed: [localhost]

TASK [Update cdvr-zone-a-private-3 yaml file] **********************************
changed: [localhost]

TASK [Update cdvr-zone-a-private-4 yaml file] **********************************
changed: [localhost]

TASK [Update cdvr-zone-a-private-5 yaml file] **********************************
changed: [localhost]

TASK [Reloading variables for route creation] **********************************
ok: [localhost]

TASK [Set up public subnet route table] ****************************************
changed: [localhost]

TASK [Timeout between route table creation] ************************************
ok: [localhost -> localhost]

TASK [Set up NAT-protected route table] ****************************************
changed: [localhost]

PLAY RECAP *********************************************************************
localhost                  : ok=46   changed=22   unreachable=0    failed=0   

