Deleting VPC with name test3-vpc and VPCID vpc-d39683aa
**********************************
REMOVE NAT GATEWAY
**********************************
{
    "NatGatewayId": "nat-0283121c989382607"
}
Waiting for nat-0283121c989382607 to terminate..
**********************************
Remove Internet gateway from VPC
**********************************

An error occurred (InvalidInternetGatewayID.NotFound) when calling the DescribeInternetGateways operation: The internetGateway ID 'igw-7e336618' does not exist
**********************************
Remove Subnets from VPC
**********************************
*********************************
REMOVING subnet-2856de63 FROM  vpc-3796834e
*********************************
*********************************
REMOVING subnet-d06be39b FROM  vpc-3796834e
*********************************
*********************************
REMOVING subnet-0e056b77 FROM  vpc-5290852b
*********************************
*********************************
REMOVING subnet-cd450197 FROM  vpc-3796834e
*********************************
*********************************
REMOVING subnet-af056bd6 FROM  vpc-3796834e
*********************************
*********************************
REMOVING subnet-f24004a8 FROM  vpc-3796834e
*********************************
**********************************
Removing Routing tables
**********************************
*********************************
Checking for ROUTE TABLE  IN vpc-3796834e
*********************************
*********************************
Checking for ROUTE TABLE  IN vpc-5290852b
*********************************

An error occurred (InvalidRoute.NotFound) when calling the DeleteRoute operation: no route with destination-cidr-block 0.0.0.0/0 in route table rtb-12bf5869

An error occurred (DependencyViolation) when calling the DeleteRouteTable operation: The routeTable 'rtb-12bf5869' has dependencies and cannot be deleted.
*********************************
Checking for ROUTE TABLE  IN vpc-3796834e
*********************************
removing unused Elastic IPS
releasing eipalloc-211f5d1d

An error occurred (InvalidAreleasing eipalloc-8a1e5cb6
**********************************
DELETING VPC:vpc-d39683aa
**********************************
ing eipalloc-c8195bf4

An error occurred (InvalidAllocationID.NotFound) when calling the ReleaseAddress operation: The allocation ID 'eipalloc-c8195bf4' does not exist
releasing eipalloc-8a1e5cb6

An error occurred (InvalidAllocationID.NotFound) when calling the ReleaseAddress operation: The allocation ID 'eipalloc-8a1e5cb6' does not exist
**********************************
DELETING VPC:vpc-3796834e
**********************************
