Deleting VPC with name test3-vpc and VPCID vpc-74b0a50d
**********************************
REMOVE NAT GATEWAY
**********************************
{
    "NatGatewayId": "nat-04a9e3ead342c29da"
}
Waiting for nat-04a9e3ead342c29da to terminate..
Waiting for nat-04a9e3ead342c29da to terminate..
**********************************
Remove Internet gateway from VPC
**********************************

An error occurred (InvalidInternetGatewayID.NotFound) when calling the DescribeInternetGateways operation: The internetGateway ID 'igw-5e550038' does not exist
**********************************
Remove Subnets from VPC
**********************************
*********************************
REMOVING subnet-856d03fc FROM  vpc-74b0a50d
*********************************
*********************************
REMOVING subnet-aa71f9e1 FROM  vpc-74b0a50d
*********************************
*********************************
REMOVING subnet-cb5f1b91 FROM  vpc-74b0a50d
*********************************
*********************************
REMOVING subnet-75640a0c FROM  vpc-74b0a50d
*********************************
*********************************
REMOVING subnet-ee581cb4 FROM  vpc-74b0a50d
*********************************
*********************************
REMOVING subnet-fd72fab6 FROM  vpc-74b0a50d
*********************************
**********************************
Removing Routing tables
**********************************
*********************************
Checking for ROUTE TABLE  IN vpc-74b0a50d
*********************************

An error occurred (InvalidRoute.NotFound) when calling the DeleteRoute operation: no route with destination-cidr-block 0.0.0.0/0 in route table rtb-21e2055a

An error occurred (DependencyViolation) when calling the DeleteRouteTable operation: The routeTable 'rtb-21e2055a' has dependencies and cannot be deleted.
*********************************
Checking for ROUTE TABLE  IN vpc-74b0a50d
*********************************
*********************************
Checking for ROUTE TABLE  IN vpc-74b0a50d
*********************************
removing unused Elastic IPS
releasing eipalloc-4d3a7871

An error occurred (InvalidAllocationID.NotFound) when calling the ReleaseAddress operation: The allocation ID 'eipalloc-4d3a7871' does not exist
**********************************
DELETING VPC:vpc-74b0a50d
**********************************
